<?xml version="1.0" encoding="UTF-8"?>
<testsuites name="jest tests" tests="8" failures="0" errors="0" time="26.679">
  <testsuite name="Table" errors="0" failures="0" skipped="0" timestamp="2021-11-04T08:26:59" time="24.395" tests="8">
    <testcase classname="Table test base render" name="Table test base render" time="1.313">
    </testcase>
    <testcase classname="Table test paging empty" name="Table test paging empty" time="0.05">
    </testcase>
    <testcase classname="Table test paging disable" name="Table test paging disable" time="0.031">
    </testcase>
    <testcase classname="Table test paging defalt size" name="Table test paging defalt size" time="1.993">
    </testcase>
    <testcase classname="Table test paging page 8" name="Table test paging page 8" time="16.463">
    </testcase>
    <testcase classname="Table test sorting: no sort item" name="Table test sorting: no sort item" time="0.961">
    </testcase>
    <testcase classname="Table test sorting: to sort item" name="Table test sorting: to sort item" time="1.085">
    </testcase>
    <testcase classname="Table test sorting: sort action" name="Table test sorting: sort action" time="1.099">
    </testcase>
  </testsuite>
</testsuites>