<?xml version="1.0" encoding="UTF-8"?>
<testsuites name="jest tests" tests="7" failures="3" errors="0" time="6.163">
  <testsuite name="Table" errors="0" failures="3" skipped="0" timestamp="2021-11-04T01:31:35" time="2.637" tests="7">
    <testcase classname="Table test base render" name="Table test base render" time="0.118">
    </testcase>
    <testcase classname="Table test paging empty" name="Table test paging empty" time="0.024">
    </testcase>
    <testcase classname="Table test paging defalt size" name="Table test paging defalt size" time="0.016">
    </testcase>
    <testcase classname="Table test paging page 8" name="Table test paging page 8" time="0.05">
      <failure>Error: expect(received).toHaveLength(expected)

Expected length: 8
Received length: 16
Received object: {&quot;selector&quot;: &quot;.paging-item&quot;}
    at Object.&lt;anonymous&gt; (D:\Codes\code-testing\src\__tests__\table.spec.js:125:27)
    at processTicksAndRejections (node:internal/process/task_queues:96:5)</failure>
    </testcase>
    <testcase classname="Table test sorting: no sort item" name="Table test sorting: no sort item" time="0.035">
    </testcase>
    <testcase classname="Table test sorting: to sort item" name="Table test sorting: to sort item" time="0.036">
      <failure>Error: expect(received).toHaveLength(expected)

Expected length: 2
Received length: 0
Received object: {&quot;selector&quot;: &quot;table-cell_sort-item--none&quot;}
    at Object.&lt;anonymous&gt; (D:\Codes\code-testing\src\__tests__\table.spec.js:164:36)
    at processTicksAndRejections (node:internal/process/task_queues:96:5)</failure>
    </testcase>
    <testcase classname="Table test sorting: sort action" name="Table test sorting: sort action" time="0.029">
      <failure>Error: expect(received).toHaveLength(expected)

Expected length: 2
Received length: 0
Received object: {&quot;selector&quot;: &quot;table-cell_sort-item--none&quot;}
    at Object.&lt;anonymous&gt; (D:\Codes\code-testing\src\__tests__\table.spec.js:190:36)
    at processTicksAndRejections (node:internal/process/task_queues:96:5)</failure>
    </testcase>
  </testsuite>
</testsuites>